2025-12-16 14:36:52,788 - src.config - INFO - Loaded config from /Users/shrishrimacbook/Projects/SwampIzzoSoundboard/config.json
2025-12-16 14:36:52,788 - __main__ - INFO - Starting Swamp Izzo Soundboard
2025-12-16 14:36:52,788 - __main__ - INFO - Showing loading screen
2025-12-16 14:36:53,386 - __main__ - INFO - Preloading audio assets
2025-12-16 14:36:53,387 - src.audio - INFO - Loaded audio to cache: assets/audio/sound_1.wav (44144 bytes)
2025-12-16 14:36:53,388 - src.audio - INFO - Loaded audio to cache: assets/audio/sound_2.wav (44144 bytes)
2025-12-16 14:36:53,388 - src.audio - INFO - Loaded audio to cache: assets/audio/sound_3.wav (44144 bytes)
2025-12-16 14:36:53,389 - src.audio - INFO - Loaded audio to cache: assets/audio/sound_4.wav (44144 bytes)
2025-12-16 14:36:53,389 - src.audio - INFO - Loaded audio to cache: assets/audio/sound_5.wav (44144 bytes)
2025-12-16 14:36:53,389 - src.audio - INFO - Loaded audio to cache: assets/audio/sound_6.wav (44144 bytes)
2025-12-16 14:36:53,389 - src.audio - INFO - Loaded audio to cache: assets/audio/sound_7.wav (44144 bytes)
2025-12-16 14:36:53,390 - src.audio - INFO - Loaded audio to cache: assets/audio/sound_8.wav (44144 bytes)
2025-12-16 14:36:53,390 - src.audio - INFO - Loaded audio to cache: assets/audio/sound_9.wav (44144 bytes)
2025-12-16 14:36:53,390 - __main__ - INFO - Audio preloading complete
2025-12-16 14:36:53,390 - __main__ - INFO - Playing startup sound
2025-12-16 14:36:53,390 - src.audio - INFO - Loaded audio to cache: assets/audio/startup_swamp_izzo.wav (264644 bytes)
2025-12-16 14:36:54,409 - __main__ - INFO - Setting up global hotkeys
2025-12-16 14:36:54,409 - src.hotkeys - WARNING - Standard numpad keys not available on this platform
2025-12-16 14:36:54,409 - src.hotkeys - INFO - Registered hotkey callback for 1
2025-12-16 14:36:54,409 - src.hotkeys - INFO - Registered hotkey callback for 2
2025-12-16 14:36:54,409 - src.hotkeys - INFO - Registered hotkey callback for 3
2025-12-16 14:36:54,409 - src.hotkeys - INFO - Registered hotkey callback for 4
2025-12-16 14:36:54,409 - src.hotkeys - INFO - Registered hotkey callback for 5
2025-12-16 14:36:54,409 - src.hotkeys - INFO - Registered hotkey callback for 6
2025-12-16 14:36:54,409 - src.hotkeys - INFO - Registered hotkey callback for 7
2025-12-16 14:36:54,409 - src.hotkeys - INFO - Registered hotkey callback for 8
2025-12-16 14:36:54,409 - src.hotkeys - INFO - Registered hotkey callback for 9
2025-12-16 14:36:54,410 - src.hotkeys - INFO - Global hotkey listener started
2025-12-16 14:36:54,410 - __main__ - INFO - Global hotkeys activated
2025-12-16 14:36:54,410 - __main__ - INFO - Creating main window
2025-12-16 14:36:54,410 - __main__ - ERROR - Fatal error: SoundboardWindow.__init__() takes 2 positional arguments but 3 were given
Traceback (most recent call last):
  File "/Users/shrishrimacbook/Projects/SwampIzzoSoundboard/src/app.py", line 173, in run
    self.create_main_window()
  File "/Users/shrishrimacbook/Projects/SwampIzzoSoundboard/src/app.py", line 149, in create_main_window
    self.main_window = SoundboardWindow(self.config, self._on_hotkey)
TypeError: SoundboardWindow.__init__() takes 2 positional arguments but 3 were given
2025-12-16 14:36:54,411 - src.hotkeys - INFO - Global hotkey listener stopped
2025-12-16 14:36:54,538 - __main__ - INFO - Application shutdown complete
